<?xml version="1.0" encoding="UTF-8"?>
<testsuite xmlns:xsi="http://www.w3.org/2001/XMLSchema-instance" xsi:noNamespaceSchemaLocation="https://maven.apache.org/surefire/maven-surefire-plugin/xsd/surefire-test-report-3.0.xsd" version="3.0" name="com.taller.usuarios.UsuarioServiceTest" time="0.169" tests="22" errors="0" skipped="0" failures="0">
  <properties>
[...]
</properties>
  <testcase name="eliminarUsuario_existente_deberiaEliminarlo" classname="com.taller.usuarios.UsuarioServiceTest" time="0.051"/>
  <testcase name="actualizarEmail_conEmailNull_deberiaRetornarFalse" classname="com.taller.usuarios.UsuarioServiceTest" time="0.003"/>
  <testcase name="toString_noEsNull" classname="com.taller.usuarios.UsuarioServiceTest" time="0.005"/>
  <testcase name="constructorYGetters_funcionanCorrectamente" classname="com.taller.usuarios.UsuarioServiceTest" time="0.004"/>
  <testcase name="eliminarUsuario_conIdNull_deberiaRetornarFalse" classname="com.taller.usuarios.UsuarioServiceTest" time="0.001"/>
  <testcase name="crearUsuario_deberiaAgregarNuevoUsuario" classname="com.taller.usuarios.UsuarioServiceTest" time="0.001"/>
  <testcase name="buscarUsuario_inexistente_deberiaRetornarNull" classname="com.taller.usuarios.UsuarioServiceTest" time="0.002"/>
  <testcase name="crearUsuario_conIdNull_noDebeAgregar" classname="com.taller.usuarios.UsuarioServiceTest" time="0.002"/>
  <testcase name="equals_conNullYDistintoTipo_devuelveFalse" classname="com.taller.usuarios.UsuarioServiceTest" time="0.002"/>
  <testcase name="equalsYHashCode_funcionanCorrectamente" classname="com.taller.usuarios.UsuarioServiceTest" time="0.002"/>
  <testcase name="eliminarUsuario_inexistente_deberiaRetornarFalse" classname="com.taller.usuarios.UsuarioServiceTest" time="0.002"/>
  <testcase name="existeUsuario_deberiaRetornarTrueSiExiste" classname="com.taller.usuarios.UsuarioServiceTest" time="0.001"/>
  <testcase name="actualizarEmail_usuarioNoExistente_deberiaRetornarFalse" classname="com.taller.usuarios.UsuarioServiceTest" time="0.001"/>
  <testcase name="buscarUsuario_existente_deberiaRetornarUsuario" classname="com.taller.usuarios.UsuarioServiceTest" time="0.004"/>
  <testcase name="crearUsuario_conIdDuplicado_noDebeAgregar" classname="com.taller.usuarios.UsuarioServiceTest" time="0.002"/>
  <testcase name="buscarUsuario_conIdNull_deberiaRetornarNull" classname="com.taller.usuarios.UsuarioServiceTest" time="0.001"/>
  <testcase name="crearUsuario_conUsuarioNull_noDebeAgregar" classname="com.taller.usuarios.UsuarioServiceTest" time="0.001"/>
  <testcase name="setters_deberianActualizarValores" classname="com.taller.usuarios.UsuarioServiceTest" time="0.001"/>
  <testcase name="existeUsuario_deberiaRetornarFalseSiNoExiste" classname="com.taller.usuarios.UsuarioServiceTest" time="0.001"/>
  <testcase name="actualizarEmail_conIdNull_deberiaRetornarFalse" classname="com.taller.usuarios.UsuarioServiceTest" time="0.001"/>
  <testcase name="contarUsuarios_deberiaRetornarCantidadCorrecta" classname="com.taller.usuarios.UsuarioServiceTest" time="0.001"/>
  <testcase name="actualizarEmail_existente_deberiaActualizarlo" classname="com.taller.usuarios.UsuarioServiceTest" time="0.002"/>
</testsuite>